<?xml version="1.0" encoding="UTF-8"?>
<!-- Generated by org.testng.reporters.JUnitXMLReporter -->
<testsuite hostname="Primecandids-PC" ignored="0" name="Test" tests="4" failures="2" timestamp="2020-06-10T16:34:35 IST" time="341.597" errors="0">
  <testcase name="sampleTest" time="84.877" classname="newword1.Map"/>
  <testcase name="sampleTest" time="3.688" classname="newword1.gnucash">
    <failure type="java.lang.AssertionError" message="expected:&amp;lt;Default Currency&amp;gt; but was:&amp;lt;NEXT&amp;gt;">
      <![CDATA[java.lang.AssertionError: expected:<Default Currency> but was:<NEXT>
at newword1.gnucash.sampleTest(gnucash.java:103)
at java.util.ArrayList.forEach(Unknown Source)
... Removed 29 stack frames]]>
    </failure>
  </testcase> <!-- sampleTest -->
  <testcase name="Mycode" time="147.08" classname="newword1.wordnewpress"/>
  <testcase name="sampleTest" time="61.368" classname="newword1.wordnewpress">
    <failure type="org.openqa.selenium.NoSuchElementException" message="An element could not be located on the page using the given search parameters.
For documentation on this error, please visit: https://www.seleniumhq.org/exceptions/no_such_element.html
Build info: version: &amp;apos;3.141.59&amp;apos;, revision: &amp;apos;e82be7d358&amp;apos;, time: &amp;apos;2018-11-14T08:25:48&amp;apos;
System info: host: &amp;apos;PRIMECANDIDS-PC&amp;apos;, ip: &amp;apos;192.168.137.1&amp;apos;, os.name: &amp;apos;Windows 10&amp;apos;, os.arch: &amp;apos;amd64&amp;apos;, os.version: &amp;apos;10.0&amp;apos;, java.version: &amp;apos;1.8.0_251&amp;apos;
Driver info: io.appium.java_client.android.AndroidDriver
Capabilities {appActivity: org.wordpress.android.ui.po..., appPackage: org.wordpress.android, automationName: UiAutomator1, databaseEnabled: false, desired: {appActivity: org.wordpress.android.ui.po..., appPackage: org.wordpress.android, automationName: UiAutomator1, deviceName: Mi A1, platformName: android, platformVersion: 9, udid: 33c041340704}, deviceManufacturer: Xiaomi, deviceModel: Mi A1, deviceName: 33c041340704, deviceScreenSize: 1080x1920, deviceUDID: 33c041340704, javascriptEnabled: true, locationContextEnabled: false, networkConnectionEnabled: true, platform: LINUX, platformName: Android, platformVersion: 9, takesScreenshot: true, udid: 33c041340704, warnings: {}, webStorageEnabled: false}
Session ID: 1ae6b033-1f39-40a6-87df-033c83597d9d
*** Element info: {Using=id, value=org.wordpress.android:id/my_site_blog_posts_text_view}">
      <![CDATA[org.openqa.selenium.NoSuchElementException: An element could not be located on the page using the given search parameters.
For documentation on this error, please visit: https://www.seleniumhq.org/exceptions/no_such_element.html
Build info: version: '3.141.59', revision: 'e82be7d358', time: '2018-11-14T08:25:48'
System info: host: 'PRIMECANDIDS-PC', ip: '192.168.137.1', os.name: 'Windows 10', os.arch: 'amd64', os.version: '10.0', java.version: '1.8.0_251'
Driver info: io.appium.java_client.android.AndroidDriver
Capabilities {appActivity: org.wordpress.android.ui.po..., appPackage: org.wordpress.android, automationName: UiAutomator1, databaseEnabled: false, desired: {appActivity: org.wordpress.android.ui.po..., appPackage: org.wordpress.android, automationName: UiAutomator1, deviceName: Mi A1, platformName: android, platformVersion: 9, udid: 33c041340704}, deviceManufacturer: Xiaomi, deviceModel: Mi A1, deviceName: 33c041340704, deviceScreenSize: 1080x1920, deviceUDID: 33c041340704, javascriptEnabled: true, locationContextEnabled: false, networkConnectionEnabled: true, platform: LINUX, platformName: Android, platformVersion: 9, takesScreenshot: true, udid: 33c041340704, warnings: {}, webStorageEnabled: false}
Session ID: 1ae6b033-1f39-40a6-87df-033c83597d9d
*** Element info: {Using=id, value=org.wordpress.android:id/my_site_blog_posts_text_view}
at org.openqa.selenium.remote.http.W3CHttpResponseCodec.createException(W3CHttpResponseCodec.java:187)
at org.openqa.selenium.remote.http.W3CHttpResponseCodec.decode(W3CHttpResponseCodec.java:122)
at org.openqa.selenium.remote.http.W3CHttpResponseCodec.decode(W3CHttpResponseCodec.java:49)
at org.openqa.selenium.remote.HttpCommandExecutor.execute(HttpCommandExecutor.java:158)
at io.appium.java_client.remote.AppiumCommandExecutor.execute(AppiumCommandExecutor.java:239)
at org.openqa.selenium.remote.RemoteWebDriver.execute(RemoteWebDriver.java:552)
at io.appium.java_client.DefaultGenericMobileDriver.execute(DefaultGenericMobileDriver.java:41)
at io.appium.java_client.AppiumDriver.execute(AppiumDriver.java:1)
at io.appium.java_client.android.AndroidDriver.execute(AndroidDriver.java:1)
at org.openqa.selenium.remote.RemoteWebDriver.findElement(RemoteWebDriver.java:323)
at io.appium.java_client.DefaultGenericMobileDriver.findElement(DefaultGenericMobileDriver.java:61)
at io.appium.java_client.AppiumDriver.findElement(AppiumDriver.java:1)
at io.appium.java_client.android.AndroidDriver.findElement(AndroidDriver.java:1)
at org.openqa.selenium.remote.RemoteWebDriver.findElementById(RemoteWebDriver.java:372)
at io.appium.java_client.DefaultGenericMobileDriver.findElementById(DefaultGenericMobileDriver.java:69)
at io.appium.java_client.AppiumDriver.findElementById(AppiumDriver.java:1)
at io.appium.java_client.android.AndroidDriver.findElementById(AndroidDriver.java:1)
at newword1.wordnewpress.sampleTest(wordnewpress.java:255)
at java.util.ArrayList.forEach(Unknown Source)
... Removed 31 stack frames]]>
    </failure>
  </testcase> <!-- sampleTest -->
</testsuite> <!-- Test -->
